<?xml version="1.0" encoding="UTF-8"?>
<!-- Generated by org.testng.reporters.JUnitReportReporter -->
<testsuite hostname="MSI" failures="0" tests="1" name="com.gtpl.testCases.TC_AllPages" time="19.912" errors="0" timestamp="2024-11-20T21:09:12 IST" skipped="0">
  <testcase classname="com.gtpl.testCases.TC_AllPages" name="verifyPresenceOfAllPagesInTheApplication" time="19.912"/>
</testsuite> <!-- com.gtpl.testCases.TC_AllPages -->
