<?xml version="1.0" encoding="UTF-8"?>
<!-- Generated by org.testng.reporters.JUnitReportReporter -->
<testsuite hostname="MSI" failures="0" tests="1" name="com.gtpl.testCases.TC_Login" time="22.802" errors="0" timestamp="2024-11-15T14:56:39 IST" skipped="0">
  <testcase classname="com.gtpl.testCases.TC_Login" name="verifyApplicationLoginAndLogout" time="22.802"/>
</testsuite> <!-- com.gtpl.testCases.TC_Login -->
